<?xml version="1.0" encoding="UTF-8"?>
<testsuite name="kr.ac.jejunu.user.UserDaoTests" tests="4" skipped="0" failures="0" errors="0" timestamp="2020-05-15T09:38:02" hostname="LAPTOP-T4BKQUT8" time="1.05">
  <properties/>
  <testcase name="delete()" classname="kr.ac.jejunu.user.UserDaoTests" time="0.925"/>
  <testcase name="insert()" classname="kr.ac.jejunu.user.UserDaoTests" time="0.042"/>
  <testcase name="update()" classname="kr.ac.jejunu.user.UserDaoTests" time="0.06"/>
  <testcase name="get()" classname="kr.ac.jejunu.user.UserDaoTests" time="0.019"/>
  <system-out><![CDATA[]]></system-out>
  <system-err><![CDATA[]]></system-err>
</testsuite>
