<?xml version="1.0" encoding="UTF-8"?>
<testsuite name="kr.ac.jejunu.user.UserDaoTests" tests="4" skipped="0" failures="0" errors="0" timestamp="2020-04-24T10:09:00" hostname="LAPTOP-T4BKQUT8" time="0.862">
  <properties/>
  <testcase name="delete()" classname="kr.ac.jejunu.user.UserDaoTests" time="0.744"/>
  <testcase name="insert()" classname="kr.ac.jejunu.user.UserDaoTests" time="0.04"/>
  <testcase name="update()" classname="kr.ac.jejunu.user.UserDaoTests" time="0.055"/>
  <testcase name="get()" classname="kr.ac.jejunu.user.UserDaoTests" time="0.02"/>
  <system-out><![CDATA[]]></system-out>
  <system-err><![CDATA[]]></system-err>
</testsuite>
