<?xml version="1.0" encoding="UTF-8"?>
<testsuite name="kr.ac.jejunu.user.UserDaoTests" tests="2" skipped="0" failures="0" errors="0" timestamp="2020-04-24T09:44:27" hostname="LAPTOP-T4BKQUT8" time="0.631">
  <properties/>
  <testcase name="insert()" classname="kr.ac.jejunu.user.UserDaoTests" time="0.613"/>
  <testcase name="get()" classname="kr.ac.jejunu.user.UserDaoTests" time="0.017"/>
  <system-out><![CDATA[]]></system-out>
  <system-err><![CDATA[]]></system-err>
</testsuite>
