<?xml version="1.0" encoding="UTF-8"?>
<testsuite name="kr.ac.jejunu.user.UserDaoTests" tests="3" skipped="0" failures="0" errors="0" timestamp="2020-04-17T08:37:42" hostname="LAPTOP-T4BKQUT8" time="0.84">
  <properties/>
  <testcase name="insert()" classname="kr.ac.jejunu.user.UserDaoTests" time="0.765"/>
  <testcase name="insertHalla()" classname="kr.ac.jejunu.user.UserDaoTests" time="0.05"/>
  <testcase name="get()" classname="kr.ac.jejunu.user.UserDaoTests" time="0.023"/>
  <system-out><![CDATA[]]></system-out>
  <system-err><![CDATA[]]></system-err>
</testsuite>
