<?xml version="1.0" encoding="UTF-8"?>
<testsuite name="kr.ac.jejunu.user.UserDaoTests" tests="4" skipped="0" failures="0" errors="0" timestamp="2020-05-01T08:05:24" hostname="LAPTOP-T4BKQUT8" time="0.885">
  <properties/>
  <testcase name="delete()" classname="kr.ac.jejunu.user.UserDaoTests" time="0.742"/>
  <testcase name="insert()" classname="kr.ac.jejunu.user.UserDaoTests" time="0.041"/>
  <testcase name="update()" classname="kr.ac.jejunu.user.UserDaoTests" time="0.067"/>
  <testcase name="get()" classname="kr.ac.jejunu.user.UserDaoTests" time="0.031"/>
  <system-out><![CDATA[]]></system-out>
  <system-err><![CDATA[]]></system-err>
</testsuite>
