<?xml version="1.0" encoding="UTF-8"?>
<testsuite name="kr.ac.jejunu.user.UserDaoTests" tests="4" skipped="0" failures="0" errors="0" timestamp="2020-05-01T07:00:36" hostname="LAPTOP-T4BKQUT8" time="1.239">
  <properties/>
  <testcase name="delete()" classname="kr.ac.jejunu.user.UserDaoTests" time="1.093"/>
  <testcase name="insert()" classname="kr.ac.jejunu.user.UserDaoTests" time="0.049"/>
  <testcase name="update()" classname="kr.ac.jejunu.user.UserDaoTests" time="0.061"/>
  <testcase name="get()" classname="kr.ac.jejunu.user.UserDaoTests" time="0.032"/>
  <system-out><![CDATA[]]></system-out>
  <system-err><![CDATA[]]></system-err>
</testsuite>
